# JRE version: OpenJDK Runtime Environment Temurin-21.0.8+9 (21.0.8+9) (build 21.0.8+9-LTS)
# Java VM: OpenJDK 64-Bit Server VM Temurin-21.0.8+9 (21.0.8+9-LTS, mixed mode, tiered, compressed oops, compressed class ptrs, g1 gc, windows-amd64)
GC Precious Log:
 CardTable entry size: 512
 Card Set container configuration: InlinePtr #cards 4 size 8 Array Of Cards #cards 16 size 48 Howl #buckets 8 coarsen threshold 3686 Howl Bitmap #cards 512 size 80 coarsen threshold 460 Card regions per heap region 1 cards per card region 4096
 CPUs: 16 total, 16 available
 Memory: 15773M
 Large Page Support: Disabled
 NUMA Support: Disabled
 Compressed Oops: Enabled (Zero based)
 Heap Region Size: 2M
 Heap Min Capacity: 8M
 Heap Initial Capacity: 248M
 Heap Max Capacity: 3944M
 Pre-touch: Disabled
 Parallel Workers: 13
 Concurrent Workers: 3
 Concurrent Refinement Workers: 13
 Periodic GC: Disabled
Heap:
 garbage-first heap   total 321536K, used 216602K [0x0000000709800000, 0x0000000800000000)
  region size 2048K, 6 young (12288K), 6 survivors (12288K)
 Metaspace       used 104237K, committed 105472K, reserved 1179648K
  class space    used 13986K, committed 14528K, reserved 1048576K
GC Heap History (20 events):
Event: 37.578 GC heap after
{Heap after GC invocations=59 (full 0):
 garbage-first heap   total 258048K, used 119150K [0x0000000709800000, 0x0000000800000000)
  region size 2048K, 6 young (12288K), 6 survivors (12288K)
 Metaspace       used 95906K, committed 96832K, reserved 1179648K
  class space    used 12646K, committed 13056K, reserved 1048576K
}
Event: 38.046 GC heap before
{Heap before GC invocations=59 (full 0):
 garbage-first heap   total 258048K, used 227694K [0x0000000709800000, 0x0000000800000000)
  region size 2048K, 60 young (122880K), 6 survivors (12288K)
 Metaspace       used 96217K, committed 97152K, reserved 1179648K
  class space    used 12703K, committed 13120K, reserved 1048576K
}
Event: 38.055 GC heap after
{Heap after GC invocations=60 (full 0):
 garbage-first heap   total 311296K, used 121930K [0x0000000709800000, 0x0000000800000000)
  region size 2048K, 5 young (10240K), 5 survivors (10240K)
 Metaspace       used 96217K, committed 97152K, reserved 1179648K
  class space    used 12703K, committed 13120K, reserved 1048576K
}
Event: 38.322 GC heap before
{Heap before GC invocations=61 (full 0):
 garbage-first heap   total 311296K, used 269386K [0x0000000709800000, 0x0000000800000000)
  region size 2048K, 83 young (169984K), 5 survivors (10240K)
 Metaspace       used 96359K, committed 97280K, reserved 1179648K
  class space    used 12721K, committed 13120K, reserved 1048576K
}
Event: 38.326 GC heap after
{Heap after GC invocations=62 (full 0):
 garbage-first heap   total 311296K, used 111234K [0x0000000709800000, 0x0000000800000000)
  region size 2048K, 5 young (10240K), 5 survivors (10240K)
 Metaspace       used 96359K, committed 97280K, reserved 1179648K
  class space    used 12721K, committed 13120K, reserved 1048576K
}
Event: 39.687 GC heap before
{Heap before GC invocations=62 (full 0):
 garbage-first heap   total 311296K, used 279170K [0x0000000709800000, 0x0000000800000000)
  region size 2048K, 88 young (180224K), 5 survivors (10240K)
 Metaspace       used 99734K, committed 100800K, reserved 1179648K
  class space    used 13241K, committed 13760K, reserved 1048576K
}
Event: 39.696 GC heap after
{Heap after GC invocations=63 (full 0):
 garbage-first heap   total 311296K, used 111211K [0x0000000709800000, 0x0000000800000000)
  region size 2048K, 5 young (10240K), 5 survivors (10240K)
 Metaspace       used 99734K, committed 100800K, reserved 1179648K
  class space    used 13241K, committed 13760K, reserved 1048576K
}
Event: 40.422 GC heap before
{Heap before GC invocations=63 (full 0):
 garbage-first heap   total 311296K, used 279147K [0x0000000709800000, 0x0000000800000000)
  region size 2048K, 88 young (180224K), 5 survivors (10240K)
 Metaspace       used 100146K, committed 101312K, reserved 1179648K
  class space    used 13342K, committed 13888K, reserved 1048576K
}
Event: 40.429 GC heap after
{Heap after GC invocations=64 (full 0):
 garbage-first heap   total 311296K, used 113338K [0x0000000709800000, 0x0000000800000000)
  region size 2048K, 6 young (12288K), 6 survivors (12288K)
 Metaspace       used 100146K, committed 101312K, reserved 1179648K
  class space    used 13342K, committed 13888K, reserved 1048576K
}
Event: 40.591 GC heap before
{Heap before GC invocations=65 (full 0):
 garbage-first heap   total 311296K, used 277178K [0x0000000709800000, 0x0000000800000000)
  region size 2048K, 87 young (178176K), 6 survivors (12288K)
 Metaspace       used 100159K, committed 101312K, reserved 1179648K
  class space    used 13342K, committed 13888K, reserved 1048576K
}
Event: 40.596 GC heap after
{Heap after GC invocations=66 (full 0):
 garbage-first heap   total 311296K, used 111553K [0x0000000709800000, 0x0000000800000000)
  region size 2048K, 5 young (10240K), 5 survivors (10240K)
 Metaspace       used 100159K, committed 101312K, reserved 1179648K
  class space    used 13342K, committed 13888K, reserved 1048576K
}
Event: 41.645 GC heap before
{Heap before GC invocations=66 (full 0):
 garbage-first heap   total 311296K, used 279489K [0x0000000709800000, 0x0000000800000000)
  region size 2048K, 88 young (180224K), 5 survivors (10240K)
 Metaspace       used 103721K, committed 104960K, reserved 1179648K
  class space    used 13894K, committed 14464K, reserved 1048576K
}
Event: 41.657 GC heap after
{Heap after GC invocations=67 (full 0):
 garbage-first heap   total 311296K, used 121604K [0x0000000709800000, 0x0000000800000000)
  region size 2048K, 11 young (22528K), 11 survivors (22528K)
 Metaspace       used 103721K, committed 104960K, reserved 1179648K
  class space    used 13894K, committed 14464K, reserved 1048576K
}
Event: 42.389 GC heap before
{Heap before GC invocations=67 (full 0):
 garbage-first heap   total 311296K, used 258820K [0x0000000709800000, 0x0000000800000000)
  region size 2048K, 80 young (163840K), 11 survivors (22528K)
 Metaspace       used 104211K, committed 105408K, reserved 1179648K
  class space    used 13985K, committed 14528K, reserved 1048576K
}
Event: 42.406 GC heap after
{Heap after GC invocations=68 (full 0):
 garbage-first heap   total 313344K, used 148766K [0x0000000709800000, 0x0000000800000000)
  region size 2048K, 11 young (22528K), 11 survivors (22528K)
 Metaspace       used 104211K, committed 105408K, reserved 1179648K
  class space    used 13985K, committed 14528K, reserved 1048576K
}
Event: 42.675 GC heap before
{Heap before GC invocations=69 (full 0):
 garbage-first heap   total 313344K, used 273694K [0x0000000709800000, 0x0000000800000000)
  region size 2048K, 70 young (143360K), 11 survivors (22528K)
 Metaspace       used 104235K, committed 105472K, reserved 1179648K
  class space    used 13986K, committed 14528K, reserved 1048576K
}
Event: 42.693 GC heap after
{Heap after GC invocations=70 (full 0):
 garbage-first heap   total 321536K, used 176995K [0x0000000709800000, 0x0000000800000000)
  region size 2048K, 9 young (18432K), 9 survivors (18432K)
 Metaspace       used 104235K, committed 105472K, reserved 1179648K
  class space    used 13986K, committed 14528K, reserved 1048576K
}
Event: 42.841 GC heap before
{Heap before GC invocations=70 (full 0):
 garbage-first heap   total 321536K, used 271203K [0x0000000709800000, 0x0000000800000000)
  region size 2048K, 56 young (114688K), 9 survivors (18432K)
 Metaspace       used 104237K, committed 105472K, reserved 1179648K
  class space    used 13986K, committed 14528K, reserved 1048576K
}
Event: 42.859 GC heap after
{Heap after GC invocations=71 (full 0):
 garbage-first heap   total 321536K, used 198591K [0x0000000709800000, 0x0000000800000000)
  region size 2048K, 7 young (14336K), 7 survivors (14336K)
 Metaspace       used 104237K, committed 105472K, reserved 1179648K
  class space    used 13986K, committed 14528K, reserved 1048576K
}
Event: 42.981 GC heap before
{Heap before GC invocations=71 (full 0):
 garbage-first heap   total 321536K, used 274367K [0x0000000709800000, 0x0000000800000000)
  region size 2048K, 45 young (92160K), 7 survivors (14336K)
 Metaspace       used 104237K, committed 105472K, reserved 1179648K
  class space    used 13986K, committed 14528K, reserved 1048576K
}

